<?xml version="1.0" encoding="utf-8" standalone="no"?>
<test-results xmlns:xsi="http://www.w3.org/2001/XMLSchema-instance" xsi:noNamespaceSchemaLocation="nunit_schema_2.5.xsd" name="Pester" total="49" errors="0" failures="0" not-run="0" inconclusive="0" ignored="0" skipped="0" invalid="0" date="2026-04-17" time="22:05:52">
  <environment os-version="6.18.7-76061807-generic" user-domain="" clr-version="10.0.5" platform="Linux" machine-name="grayswandir" nunit-version="2.5.8.0" cwd="/home/brianary/GitHub/ModernConveniences" user="brianary" />
  <culture-info current-culture="en-US" current-uiculture="en-US" />
  <test-suite type="TestFixture" name="Pester" executed="True" result="Success" success="True" time="0.3968" asserts="0" description="Pester">
    <results>
      <test-suite type="TestFixture" name="/home/brianary/GitHub/ModernConveniences/test/Add-Counter.Tests.ps1" executed="True" result="Success" success="True" time="0.0454" asserts="0" description="/home/brianary/GitHub/ModernConveniences/test/Add-Counter.Tests.ps1">
        <results>
          <test-suite type="TestFixture" name="Add-Counter" executed="True" result="Success" success="True" time="0.0152" asserts="0" description="Add-Counter">
            <results>
              <test-suite type="TestFixture" name="Add-Counter.Adds a counter property" executed="True" result="Success" success="True" time="0.014" asserts="0" description="Add-Counter.Adds a counter property">
                <results>
                  <test-case description="Should number providers" name="Add-Counter.Adds a counter property.Should number providers" time="0.0056" asserts="0" success="True" result="Success" executed="True" />
                  <test-suite type="ParameterizedTest" name="Add-Counter.Adds a counter property.Given JSON '&lt;JsonInput&gt;', adding a '&lt;PropertyName&gt;' counter should result in '&lt;JsonOutput&gt;'" executed="True" result="Success" success="True" time="0.0047" asserts="0" description="Given JSON '&lt;JsonInput&gt;', adding a '&lt;PropertyName&gt;' counter should result in '&lt;JsonOutput&gt;'">
                    <results>
                      <test-case description="Given JSON '[{&quot;name&quot;: &quot;A&quot;},{&quot;name&quot;: &quot;B&quot;},{&quot;name&quot;: &quot;C&quot;}]', adding a 'id' counter should result in '[{&quot;name&quot;:&quot;A&quot;,&quot;id&quot;:1},{&quot;name&quot;:&quot;B&quot;,&quot;id&quot;:2},{&quot;name&quot;:&quot;C&quot;,&quot;id&quot;:3}]'" name="Add-Counter.Adds a counter property.Given JSON '[{&quot;name&quot;: &quot;A&quot;},{&quot;name&quot;: &quot;B&quot;},{&quot;name&quot;: &quot;C&quot;}]', adding a 'id' counter should result in '[{&quot;name&quot;:&quot;A&quot;,&quot;id&quot;:1},{&quot;name&quot;:&quot;B&quot;,&quot;id&quot;:2},{&quot;name&quot;:&quot;C&quot;,&quot;id&quot;:3}]'" time="0.0047" asserts="0" success="True" result="Success" executed="True" />
                    </results>
                  </test-suite>
                </results>
              </test-suite>
            </results>
          </test-suite>
        </results>
      </test-suite>
      <test-suite type="TestFixture" name="/home/brianary/GitHub/ModernConveniences/test/Add-NoteProperty.Tests.ps1" executed="True" result="Success" success="True" time="0.0265" asserts="0" description="/home/brianary/GitHub/ModernConveniences/test/Add-NoteProperty.Tests.ps1">
        <results>
          <test-suite type="TestFixture" name="Add-NoteProperty" executed="True" result="Success" success="True" time="0.0126" asserts="0" description="Add-NoteProperty">
            <results>
              <test-suite type="TestFixture" name="Add-NoteProperty.Add a calculated property value" executed="True" result="Success" success="True" time="0.0108" asserts="0" description="Add-NoteProperty.Add a calculated property value">
                <results>
                  <test-case description="Should add a property with a static value calculated when added" name="Add-NoteProperty.Add a calculated property value.Should add a property with a static value calculated when added" time="0.0022" asserts="0" success="True" result="Success" executed="True" />
                  <test-case description="Should add multiple properties with a mix of value types" name="Add-NoteProperty.Add a calculated property value.Should add multiple properties with a mix of value types" time="0.003" asserts="0" success="True" result="Success" executed="True" />
                </results>
              </test-suite>
            </results>
          </test-suite>
        </results>
      </test-suite>
      <test-suite type="TestFixture" name="/home/brianary/GitHub/ModernConveniences/test/Add-ScopeLevel.Tests.ps1" executed="True" result="Success" success="True" time="0.0276" asserts="0" description="/home/brianary/GitHub/ModernConveniences/test/Add-ScopeLevel.Tests.ps1">
        <results>
          <test-suite type="TestFixture" name="Add-ScopeLevel" executed="True" result="Success" success="True" time="0.0177" asserts="0" description="Add-ScopeLevel">
            <results>
              <test-suite type="TestFixture" name="Add-ScopeLevel.Convert a scope level to account for another call stack level." executed="True" result="Success" success="True" time="0.0165" asserts="0" description="Add-ScopeLevel.Convert a scope level to account for another call stack level.">
                <results>
                  <test-case description="Should calculate local scope" name="Add-ScopeLevel.Convert a scope level to account for another call stack level..Should calculate local scope" time="0.0018" asserts="0" success="True" result="Success" executed="True" />
                  <test-case description="Should calculate a numeric scope" name="Add-ScopeLevel.Convert a scope level to account for another call stack level..Should calculate a numeric scope" time="0.0097" asserts="0" success="True" result="Success" executed="True" />
                  <test-case description="Should calulate global scope" name="Add-ScopeLevel.Convert a scope level to account for another call stack level..Should calulate global scope" time="0.0036" asserts="0" success="True" result="Success" executed="True" />
                </results>
              </test-suite>
            </results>
          </test-suite>
        </results>
      </test-suite>
      <test-suite type="TestFixture" name="/home/brianary/GitHub/ModernConveniences/test/Compare-Properties.Tests.ps1" executed="True" result="Success" success="True" time="0.0391" asserts="0" description="/home/brianary/GitHub/ModernConveniences/test/Compare-Properties.Tests.ps1">
        <results>
          <test-suite type="TestFixture" name="Compare-Properties" executed="True" result="Success" success="True" time="0.0222" asserts="0" description="Compare-Properties">
            <results>
              <test-suite type="TestFixture" name="Compare-Properties.Compares the properties of two objects" executed="True" result="Success" success="True" time="0.0204" asserts="0" description="Compare-Properties.Compares the properties of two objects">
                <results>
                  <test-case description="Should find the difference between PSProviders" name="Compare-Properties.Compares the properties of two objects.Should find the difference between PSProviders" time="0.0172" asserts="0" success="True" result="Success" executed="True" />
                </results>
              </test-suite>
            </results>
          </test-suite>
        </results>
      </test-suite>
      <test-suite type="TestFixture" name="/home/brianary/GitHub/ModernConveniences/test/ConvertTo-SafeEntities.Tests.ps1" executed="True" result="Success" success="True" time="0.0529" asserts="0" description="/home/brianary/GitHub/ModernConveniences/test/ConvertTo-SafeEntities.Tests.ps1">
        <results>
          <test-suite type="TestFixture" name="ConvertTo-SafeEntities" executed="True" result="Success" success="True" time="0.0341" asserts="0" description="ConvertTo-SafeEntities">
            <results>
              <test-suite type="TestFixture" name="ConvertTo-SafeEntities.Encode text as XML/HTML, escaping all characters outside 7-bit ASCII" executed="True" result="Success" success="True" time="0.0327" asserts="0" description="ConvertTo-SafeEntities.Encode text as XML/HTML, escaping all characters outside 7-bit ASCII">
                <results>
                  <test-suite type="ParameterizedTest" name="ConvertTo-SafeEntities.Encode text as XML/HTML, escaping all characters outside 7-bit ASCII.Should convert '&lt;Value&gt;' to '&lt;Result&gt;'" executed="True" result="Success" success="True" time="0.0309" asserts="0" description="Should convert '&lt;Value&gt;' to '&lt;Result&gt;'">
                    <results>
                      <test-case description="Should convert '💡 File → Save' to '&amp;#x1F4A1; File &amp;#x2192; Save'" name="ConvertTo-SafeEntities.Encode text as XML/HTML, escaping all characters outside 7-bit ASCII.Should convert '💡 File → Save' to '&amp;#x1F4A1; File &amp;#x2192; Save'" time="0.0073" asserts="0" success="True" result="Success" executed="True" />
                      <test-case description="Should convert '💡 File → Save' to '&amp;#x1F4A1; File &amp;#x2192; Save'" name="ConvertTo-SafeEntities.Encode text as XML/HTML, escaping all characters outside 7-bit ASCII.Should convert '💡 File → Save' to '&amp;#x1F4A1; File &amp;#x2192; Save'" time="0.0052" asserts="0" success="True" result="Success" executed="True" />
                      <test-case description="Should convert 'ETA: ½ hour' to 'ETA: &amp;#xBD; hour'" name="ConvertTo-SafeEntities.Encode text as XML/HTML, escaping all characters outside 7-bit ASCII.Should convert 'ETA: ½ hour' to 'ETA: &amp;#xBD; hour'" time="0.0029" asserts="0" success="True" result="Success" executed="True" />
                      <test-case description="Should convert '🐛 fix bug' to '&amp;#x1F41B; fix bug'" name="ConvertTo-SafeEntities.Encode text as XML/HTML, escaping all characters outside 7-bit ASCII.Should convert '🐛 fix bug' to '&amp;#x1F41B; fix bug'" time="0.0054" asserts="0" success="True" result="Success" executed="True" />
                      <test-case description="Should convert '🐛 fix bug' to '&amp;#x1F41B; fix bug'" name="ConvertTo-SafeEntities.Encode text as XML/HTML, escaping all characters outside 7-bit ASCII.Should convert '🐛 fix bug' to '&amp;#x1F41B; fix bug'" time="0.0041" asserts="0" success="True" result="Success" executed="True" />
                      <test-case description="Should convert '🧪 new test' to '&amp;#x1F9EA; new test'" name="ConvertTo-SafeEntities.Encode text as XML/HTML, escaping all characters outside 7-bit ASCII.Should convert '🧪 new test' to '&amp;#x1F9EA; new test'" time="0.0023" asserts="0" success="True" result="Success" executed="True" />
                      <test-case description="Should convert '🧪 new test' to '&amp;#x1F9EA; new test'" name="ConvertTo-SafeEntities.Encode text as XML/HTML, escaping all characters outside 7-bit ASCII.Should convert '🧪 new test' to '&amp;#x1F9EA; new test'" time="0.0038" asserts="0" success="True" result="Success" executed="True" />
                    </results>
                  </test-suite>
                </results>
              </test-suite>
            </results>
          </test-suite>
        </results>
      </test-suite>
      <test-suite type="TestFixture" name="/home/brianary/GitHub/ModernConveniences/test/Format-ByteUnits.Tests.ps1" executed="True" result="Success" success="True" time="0.1353" asserts="0" description="/home/brianary/GitHub/ModernConveniences/test/Format-ByteUnits.Tests.ps1">
        <results>
          <test-suite type="TestFixture" name="Format-ByteUnits" executed="True" result="Success" success="True" time="0.1214" asserts="0" description="Format-ByteUnits">
            <results>
              <test-suite type="TestFixture" name="Format-ByteUnits.Converts bytes to largest possible units, to improve readability" executed="True" result="Success" success="True" time="0.1204" asserts="0" description="Format-ByteUnits.Converts bytes to largest possible units, to improve readability">
                <results>
                  <test-suite type="ParameterizedTest" name="Format-ByteUnits.Converts bytes to largest possible units, to improve readability.Formatting '&lt;Bytes&gt;', up to '&lt;Precision&gt;' digits after the decimal returns '&lt;Result&gt;', or '&lt;SIResult&gt; for SI'" executed="True" result="Success" success="True" time="0.1163" asserts="0" description="Formatting '&lt;Bytes&gt;', up to '&lt;Precision&gt;' digits after the decimal returns '&lt;Result&gt;', or '&lt;SIResult&gt; for SI'">
                    <results>
                      <test-case description="Formatting '0', up to '16' digits after the decimal returns '0', or '0 for SI'" name="Format-ByteUnits.Converts bytes to largest possible units, to improve readability.Formatting '0', up to '16' digits after the decimal returns '0', or '0 for SI'" time="0.006" asserts="0" success="True" result="Success" executed="True" />
                      <test-case description="Formatting '1', up to '16' digits after the decimal returns '1', or '1 B for SI'" name="Format-ByteUnits.Converts bytes to largest possible units, to improve readability.Formatting '1', up to '16' digits after the decimal returns '1', or '1 B for SI'" time="0.005" asserts="0" success="True" result="Success" executed="True" />
                      <test-case description="Formatting '999', up to '16' digits after the decimal returns '999', or '999 B for SI'" name="Format-ByteUnits.Converts bytes to largest possible units, to improve readability.Formatting '999', up to '16' digits after the decimal returns '999', or '999 B for SI'" time="0.0045" asserts="0" success="True" result="Success" executed="True" />
                      <test-case description="Formatting '0', up to '16' digits after the decimal returns '0', or '0 for SI'" name="Format-ByteUnits.Converts bytes to largest possible units, to improve readability.Formatting '0', up to '16' digits after the decimal returns '0', or '0 for SI'" time="0.0025" asserts="0" success="True" result="Success" executed="True" />
                      <test-case description="Formatting '1024', up to '16' digits after the decimal returns '1KB', or '1 KiB for SI'" name="Format-ByteUnits.Converts bytes to largest possible units, to improve readability.Formatting '1024', up to '16' digits after the decimal returns '1KB', or '1 KiB for SI'" time="0.0036" asserts="0" success="True" result="Success" executed="True" />
                      <test-case description="Formatting '1022976', up to '16' digits after the decimal returns '999KB', or '999 KiB for SI'" name="Format-ByteUnits.Converts bytes to largest possible units, to improve readability.Formatting '1022976', up to '16' digits after the decimal returns '999KB', or '999 KiB for SI'" time="0.004" asserts="0" success="True" result="Success" executed="True" />
                      <test-case description="Formatting '1048576', up to '16' digits after the decimal returns '1MB', or '1 MiB for SI'" name="Format-ByteUnits.Converts bytes to largest possible units, to improve readability.Formatting '1048576', up to '16' digits after the decimal returns '1MB', or '1 MiB for SI'" time="0.0025" asserts="0" success="True" result="Success" executed="True" />
                      <test-case description="Formatting '1047527424', up to '16' digits after the decimal returns '999MB', or '999 MiB for SI'" name="Format-ByteUnits.Converts bytes to largest possible units, to improve readability.Formatting '1047527424', up to '16' digits after the decimal returns '999MB', or '999 MiB for SI'" time="0.0025" asserts="0" success="True" result="Success" executed="True" />
                      <test-case description="Formatting '1073741824', up to '16' digits after the decimal returns '1GB', or '1 GiB for SI'" name="Format-ByteUnits.Converts bytes to largest possible units, to improve readability.Formatting '1073741824', up to '16' digits after the decimal returns '1GB', or '1 GiB for SI'" time="0.0037" asserts="0" success="True" result="Success" executed="True" />
                      <test-case description="Formatting '1072668082176', up to '16' digits after the decimal returns '999GB', or '999 GiB for SI'" name="Format-ByteUnits.Converts bytes to largest possible units, to improve readability.Formatting '1072668082176', up to '16' digits after the decimal returns '999GB', or '999 GiB for SI'" time="0.0037" asserts="0" success="True" result="Success" executed="True" />
                      <test-case description="Formatting '1099511627776', up to '16' digits after the decimal returns '1TB', or '1 TiB for SI'" name="Format-ByteUnits.Converts bytes to largest possible units, to improve readability.Formatting '1099511627776', up to '16' digits after the decimal returns '1TB', or '1 TiB for SI'" time="0.0024" asserts="0" success="True" result="Success" executed="True" />
                      <test-case description="Formatting '1098412116148224', up to '16' digits after the decimal returns '999TB', or '999 TiB for SI'" name="Format-ByteUnits.Converts bytes to largest possible units, to improve readability.Formatting '1098412116148224', up to '16' digits after the decimal returns '999TB', or '999 TiB for SI'" time="0.0036" asserts="0" success="True" result="Success" executed="True" />
                      <test-case description="Formatting '1125899906842624', up to '16' digits after the decimal returns '1PB', or '1 PiB for SI'" name="Format-ByteUnits.Converts bytes to largest possible units, to improve readability.Formatting '1125899906842624', up to '16' digits after the decimal returns '1PB', or '1 PiB for SI'" time="0.0036" asserts="0" success="True" result="Success" executed="True" />
                      <test-case description="Formatting '1124774006935781376', up to '16' digits after the decimal returns '999PB', or '999 PiB for SI'" name="Format-ByteUnits.Converts bytes to largest possible units, to improve readability.Formatting '1124774006935781376', up to '16' digits after the decimal returns '999PB', or '999 PiB for SI'" time="0.0035" asserts="0" success="True" result="Success" executed="True" />
                      <test-case description="Formatting '999999999999999999', up to '2' digits after the decimal returns '888.18PB', or '888.18 PiB for SI'" name="Format-ByteUnits.Converts bytes to largest possible units, to improve readability.Formatting '999999999999999999', up to '2' digits after the decimal returns '888.18PB', or '888.18 PiB for SI'" time="0.0025" asserts="0" success="True" result="Success" executed="True" />
                      <test-case description="Formatting '1234567890', up to '2' digits after the decimal returns '1.15GB', or '1.15 GiB for SI'" name="Format-ByteUnits.Converts bytes to largest possible units, to improve readability.Formatting '1234567890', up to '2' digits after the decimal returns '1.15GB', or '1.15 GiB for SI'" time="0.0037" asserts="0" success="True" result="Success" executed="True" />
                      <test-case description="Formatting '1234567890', up to '1' digits after the decimal returns '1.1GB', or '1.1 GiB for SI'" name="Format-ByteUnits.Converts bytes to largest possible units, to improve readability.Formatting '1234567890', up to '1' digits after the decimal returns '1.1GB', or '1.1 GiB for SI'" time="0.0038" asserts="0" success="True" result="Success" executed="True" />
                      <test-case description="Formatting '1234567890', up to '0' digits after the decimal returns '1GB', or '1 GiB for SI'" name="Format-ByteUnits.Converts bytes to largest possible units, to improve readability.Formatting '1234567890', up to '0' digits after the decimal returns '1GB', or '1 GiB for SI'" time="0.0024" asserts="0" success="True" result="Success" executed="True" />
                      <test-case description="Formatting '987654321000', up to '16' digits after the decimal returns '919.824765063822GB', or '919.824765063822 GiB for SI'" name="Format-ByteUnits.Converts bytes to largest possible units, to improve readability.Formatting '987654321000', up to '16' digits after the decimal returns '919.824765063822GB', or '919.824765063822 GiB for SI'" time="0.0034" asserts="0" success="True" result="Success" executed="True" />
                      <test-case description="Formatting '987654321000', up to '12' digits after the decimal returns '919.824765063822GB', or '919.824765063822 GiB for SI'" name="Format-ByteUnits.Converts bytes to largest possible units, to improve readability.Formatting '987654321000', up to '12' digits after the decimal returns '919.824765063822GB', or '919.824765063822 GiB for SI'" time="0.0037" asserts="0" success="True" result="Success" executed="True" />
                      <test-case description="Formatting '987654321000', up to '11' digits after the decimal returns '919.82476506382GB', or '919.82476506382 GiB for SI'" name="Format-ByteUnits.Converts bytes to largest possible units, to improve readability.Formatting '987654321000', up to '11' digits after the decimal returns '919.82476506382GB', or '919.82476506382 GiB for SI'" time="0.004" asserts="0" success="True" result="Success" executed="True" />
                      <test-case description="Formatting '987654321000', up to '10' digits after the decimal returns '919.8247650638GB', or '919.8247650638 GiB for SI'" name="Format-ByteUnits.Converts bytes to largest possible units, to improve readability.Formatting '987654321000', up to '10' digits after the decimal returns '919.8247650638GB', or '919.8247650638 GiB for SI'" time="0.0025" asserts="0" success="True" result="Success" executed="True" />
                      <test-case description="Formatting '987654321000', up to '9' digits after the decimal returns '919.824765064GB', or '919.824765064 GiB for SI'" name="Format-ByteUnits.Converts bytes to largest possible units, to improve readability.Formatting '987654321000', up to '9' digits after the decimal returns '919.824765064GB', or '919.824765064 GiB for SI'" time="0.0035" asserts="0" success="True" result="Success" executed="True" />
                      <test-case description="Formatting '987654321000', up to '8' digits after the decimal returns '919.82476506GB', or '919.82476506 GiB for SI'" name="Format-ByteUnits.Converts bytes to largest possible units, to improve readability.Formatting '987654321000', up to '8' digits after the decimal returns '919.82476506GB', or '919.82476506 GiB for SI'" time="0.0036" asserts="0" success="True" result="Success" executed="True" />
                      <test-case description="Formatting '987654321000', up to '7' digits after the decimal returns '919.8247651GB', or '919.8247651 GiB for SI'" name="Format-ByteUnits.Converts bytes to largest possible units, to improve readability.Formatting '987654321000', up to '7' digits after the decimal returns '919.8247651GB', or '919.8247651 GiB for SI'" time="0.0035" asserts="0" success="True" result="Success" executed="True" />
                      <test-case description="Formatting '987654321000', up to '6' digits after the decimal returns '919.824765GB', or '919.824765 GiB for SI'" name="Format-ByteUnits.Converts bytes to largest possible units, to improve readability.Formatting '987654321000', up to '6' digits after the decimal returns '919.824765GB', or '919.824765 GiB for SI'" time="0.0024" asserts="0" success="True" result="Success" executed="True" />
                      <test-case description="Formatting '987654321000', up to '5' digits after the decimal returns '919.82477GB', or '919.82477 GiB for SI'" name="Format-ByteUnits.Converts bytes to largest possible units, to improve readability.Formatting '987654321000', up to '5' digits after the decimal returns '919.82477GB', or '919.82477 GiB for SI'" time="0.0038" asserts="0" success="True" result="Success" executed="True" />
                      <test-case description="Formatting '987654321000', up to '4' digits after the decimal returns '919.8248GB', or '919.8248 GiB for SI'" name="Format-ByteUnits.Converts bytes to largest possible units, to improve readability.Formatting '987654321000', up to '4' digits after the decimal returns '919.8248GB', or '919.8248 GiB for SI'" time="0.0038" asserts="0" success="True" result="Success" executed="True" />
                      <test-case description="Formatting '987654321000', up to '3' digits after the decimal returns '919.825GB', or '919.825 GiB for SI'" name="Format-ByteUnits.Converts bytes to largest possible units, to improve readability.Formatting '987654321000', up to '3' digits after the decimal returns '919.825GB', or '919.825 GiB for SI'" time="0.0028" asserts="0" success="True" result="Success" executed="True" />
                      <test-case description="Formatting '987654321000', up to '2' digits after the decimal returns '919.82GB', or '919.82 GiB for SI'" name="Format-ByteUnits.Converts bytes to largest possible units, to improve readability.Formatting '987654321000', up to '2' digits after the decimal returns '919.82GB', or '919.82 GiB for SI'" time="0.0036" asserts="0" success="True" result="Success" executed="True" />
                      <test-case description="Formatting '987654321000', up to '1' digits after the decimal returns '919.8GB', or '919.8 GiB for SI'" name="Format-ByteUnits.Converts bytes to largest possible units, to improve readability.Formatting '987654321000', up to '1' digits after the decimal returns '919.8GB', or '919.8 GiB for SI'" time="0.0044" asserts="0" success="True" result="Success" executed="True" />
                      <test-case description="Formatting '987654321000', up to '0' digits after the decimal returns '920GB', or '920 GiB for SI'" name="Format-ByteUnits.Converts bytes to largest possible units, to improve readability.Formatting '987654321000', up to '0' digits after the decimal returns '920GB', or '920 GiB for SI'" time="0.0048" asserts="0" success="True" result="Success" executed="True" />
                      <test-case description="Formatting '9685059', up to '1' digits after the decimal returns '9.2MB', or '9.2 MiB for SI'" name="Format-ByteUnits.Converts bytes to largest possible units, to improve readability.Formatting '9685059', up to '1' digits after the decimal returns '9.2MB', or '9.2 MiB for SI'" time="0.0029" asserts="0" success="True" result="Success" executed="True" />
                    </results>
                  </test-suite>
                </results>
              </test-suite>
            </results>
          </test-suite>
        </results>
      </test-suite>
      <test-suite type="TestFixture" name="/home/brianary/GitHub/ModernConveniences/test/Show-Progress.Tests.ps1" executed="True" result="Success" success="True" time="0.0686" asserts="0" description="/home/brianary/GitHub/ModernConveniences/test/Show-Progress.Tests.ps1">
        <results>
          <test-suite type="TestFixture" name="Show-Progress" executed="True" result="Success" success="True" time="0.0546" asserts="0" description="Show-Progress">
            <results>
              <test-suite type="TestFixture" name="Show-Progress.Performs an operation against each item in a collection of input objects, with a progress bar" executed="True" result="Success" success="True" time="0.0514" asserts="0" description="Show-Progress.Performs an operation against each item in a collection of input objects, with a progress bar">
                <results>
                  <test-case description="Displays progress" name="Show-Progress.Performs an operation against each item in a collection of input objects, with a progress bar.Displays progress" time="0.0468" asserts="0" success="True" result="Success" executed="True" />
                </results>
              </test-suite>
            </results>
          </test-suite>
        </results>
      </test-suite>
    </results>
  </test-suite>
</test-results>